2024-04-25 03:32:17 Error: [MissingControllerException] Controller class MessageboardController could not be found.
Exception Attributes: array (
  'class' => 'MessageboardController',
  'plugin' => NULL,
)
Request URL: /messageboard/index.php/messageboard/
Stack Trace:
#0 /Applications/XAMPP/xamppfiles/htdocs/messageboard/app/webroot/index.php(117): Dispatcher->dispatch(Object(CakeRequest), Object(CakeResponse))
#1 /Applications/XAMPP/xamppfiles/htdocs/messageboard/index.php(41): require('/Applications/X...')
#2 {main}
2024-04-25 03:41:35 Error: [MissingPluginException] Plugin DebugKit could not be found.
Exception Attributes: array (
  'plugin' => 'DebugKit',
)
Request URL: /messageboard/index.php/
Stack Trace:
#0 /Applications/XAMPP/xamppfiles/htdocs/messageboard/lib/Cake/Core/App.php(227): CakePlugin::path('DebugKit')
#1 /Applications/XAMPP/xamppfiles/htdocs/messageboard/lib/Cake/Core/App.php(549): App::path('Controller/Comp...', 'DebugKit')
#2 [internal function]: App::load('ToolbarComponen...')
#3 [internal function]: spl_autoload_call('ToolbarComponen...')
#4 /Applications/XAMPP/xamppfiles/htdocs/messageboard/lib/Cake/Controller/ComponentCollection.php(110): class_exists('ToolbarComponen...')
#5 /Applications/XAMPP/xamppfiles/htdocs/messageboard/lib/Cake/Controller/ComponentCollection.php(53): ComponentCollection->load('DebugKit.Toolba...', Array)
#6 /Applications/XAMPP/xamppfiles/htdocs/messageboard/lib/Cake/Controller/Controller.php(649): ComponentCollection->init(Object(PagesController))
#7 /Applications/XAMPP/xamppfiles/htdocs/messageboard/lib/Cake/Routing/Dispatcher.php(188): Controller->constructClasses()
#8 /Applications/XAMPP/xamppfiles/htdocs/messageboard/lib/Cake/Routing/Dispatcher.php(167): Dispatcher->_invoke(Object(PagesController), Object(CakeRequest))
#9 /Applications/XAMPP/xamppfiles/htdocs/messageboard/app/webroot/index.php(117): Dispatcher->dispatch(Object(CakeRequest), Object(CakeResponse))
#10 /Applications/XAMPP/xamppfiles/htdocs/messageboard/index.php(41): require('/Applications/X...')
#11 {main}
2024-04-25 03:42:18 Error: [MissingControllerException] Controller class MessageboardController could not be found.
Exception Attributes: array (
  'class' => 'MessageboardController',
  'plugin' => NULL,
)
Request URL: /messageboard/app/webroot/index.php/messageboard/app/webroot/debug_kit/css/debug_toolbar.css
Stack Trace:
#0 /Applications/XAMPP/xamppfiles/htdocs/messageboard/app/webroot/index.php(117): Dispatcher->dispatch(Object(CakeRequest), Object(CakeResponse))
#1 {main}
2024-04-25 03:42:18 Error: [MissingControllerException] Controller class MessageboardController could not be found.
Exception Attributes: array (
  'class' => 'MessageboardController',
  'plugin' => NULL,
)
Request URL: /messageboard/app/webroot/index.php/messageboard/app/webroot/debug_kit/img/cake.icon.png
Stack Trace:
#0 /Applications/XAMPP/xamppfiles/htdocs/messageboard/app/webroot/index.php(117): Dispatcher->dispatch(Object(CakeRequest), Object(CakeResponse))
#1 {main}
2024-04-25 03:42:18 Error: [MissingControllerException] Controller class MessageboardController could not be found.
Exception Attributes: array (
  'class' => 'MessageboardController',
  'plugin' => NULL,
)
Request URL: /messageboard/app/webroot/index.php/messageboard/app/webroot/debug_kit/js/js_debug_toolbar.js
Stack Trace:
#0 /Applications/XAMPP/xamppfiles/htdocs/messageboard/app/webroot/index.php(117): Dispatcher->dispatch(Object(CakeRequest), Object(CakeResponse))
#1 {main}
2024-04-25 03:42:23 Error: [MissingControllerException] Controller class MessageboardController could not be found.
Exception Attributes: array (
  'class' => 'MessageboardController',
  'plugin' => NULL,
)
Request URL: /messageboard/index.php/messageboard/
Stack Trace:
#0 /Applications/XAMPP/xamppfiles/htdocs/messageboard/app/webroot/index.php(117): Dispatcher->dispatch(Object(CakeRequest), Object(CakeResponse))
#1 /Applications/XAMPP/xamppfiles/htdocs/messageboard/index.php(41): require('/Applications/X...')
#2 {main}
2024-04-25 03:42:24 Error: [MissingControllerException] Controller class MessageboardController could not be found.
Exception Attributes: array (
  'class' => 'MessageboardController',
  'plugin' => NULL,
)
Request URL: /messageboard/index.php/messageboard/
Stack Trace:
#0 /Applications/XAMPP/xamppfiles/htdocs/messageboard/app/webroot/index.php(117): Dispatcher->dispatch(Object(CakeRequest), Object(CakeResponse))
#1 /Applications/XAMPP/xamppfiles/htdocs/messageboard/index.php(41): require('/Applications/X...')
#2 {main}
2024-04-25 03:42:24 Error: [MissingControllerException] Controller class MessageboardController could not be found.
Exception Attributes: array (
  'class' => 'MessageboardController',
  'plugin' => NULL,
)
Request URL: /messageboard/app/webroot/index.php/messageboard/app/webroot/debug_kit/css/debug_toolbar.css
Stack Trace:
#0 /Applications/XAMPP/xamppfiles/htdocs/messageboard/app/webroot/index.php(117): Dispatcher->dispatch(Object(CakeRequest), Object(CakeResponse))
#1 {main}
2024-04-25 03:42:24 Error: [MissingControllerException] Controller class MessageboardController could not be found.
Exception Attributes: array (
  'class' => 'MessageboardController',
  'plugin' => NULL,
)
Request URL: /messageboard/app/webroot/index.php/messageboard/app/webroot/debug_kit/img/cake.icon.png
Stack Trace:
#0 /Applications/XAMPP/xamppfiles/htdocs/messageboard/app/webroot/index.php(117): Dispatcher->dispatch(Object(CakeRequest), Object(CakeResponse))
#1 {main}
2024-04-25 03:42:24 Error: [MissingControllerException] Controller class MessageboardController could not be found.
Exception Attributes: array (
  'class' => 'MessageboardController',
  'plugin' => NULL,
)
Request URL: /messageboard/app/webroot/index.php/messageboard/app/webroot/debug_kit/js/js_debug_toolbar.js
Stack Trace:
#0 /Applications/XAMPP/xamppfiles/htdocs/messageboard/app/webroot/index.php(117): Dispatcher->dispatch(Object(CakeRequest), Object(CakeResponse))
#1 {main}
2024-04-25 03:42:30 Error: [MissingControllerException] Controller class MessageboardController could not be found.
Exception Attributes: array (
  'class' => 'MessageboardController',
  'plugin' => NULL,
)
Request URL: /messageboard/app/webroot/index.php/messageboard/app/webroot/debug_kit/img/cake.icon.png
Stack Trace:
#0 /Applications/XAMPP/xamppfiles/htdocs/messageboard/app/webroot/index.php(117): Dispatcher->dispatch(Object(CakeRequest), Object(CakeResponse))
#1 {main}
2024-04-25 03:42:30 Error: [MissingControllerException] Controller class MessageboardController could not be found.
Exception Attributes: array (
  'class' => 'MessageboardController',
  'plugin' => NULL,
)
Request URL: /messageboard/app/webroot/index.php/messageboard/app/webroot/debug_kit/css/debug_toolbar.css
Stack Trace:
#0 /Applications/XAMPP/xamppfiles/htdocs/messageboard/app/webroot/index.php(117): Dispatcher->dispatch(Object(CakeRequest), Object(CakeResponse))
#1 {main}
2024-04-25 03:42:30 Error: [MissingControllerException] Controller class MessageboardController could not be found.
Exception Attributes: array (
  'class' => 'MessageboardController',
  'plugin' => NULL,
)
Request URL: /messageboard/app/webroot/index.php/messageboard/app/webroot/debug_kit/js/js_debug_toolbar.js
Stack Trace:
#0 /Applications/XAMPP/xamppfiles/htdocs/messageboard/app/webroot/index.php(117): Dispatcher->dispatch(Object(CakeRequest), Object(CakeResponse))
#1 {main}
2024-04-25 03:43:32 Error: [MissingControllerException] Controller class MessageboardController could not be found.
Exception Attributes: array (
  'class' => 'MessageboardController',
  'plugin' => NULL,
)
Request URL: /messageboard/app/webroot/index.php/messageboard/app/webroot/debug_kit/css/debug_toolbar.css
Stack Trace:
#0 /Applications/XAMPP/xamppfiles/htdocs/messageboard/app/webroot/index.php(117): Dispatcher->dispatch(Object(CakeRequest), Object(CakeResponse))
#1 {main}
2024-04-25 03:43:32 Error: [MissingControllerException] Controller class MessageboardController could not be found.
Exception Attributes: array (
  'class' => 'MessageboardController',
  'plugin' => NULL,
)
Request URL: /messageboard/app/webroot/index.php/messageboard/app/webroot/debug_kit/js/js_debug_toolbar.js
Stack Trace:
#0 /Applications/XAMPP/xamppfiles/htdocs/messageboard/app/webroot/index.php(117): Dispatcher->dispatch(Object(CakeRequest), Object(CakeResponse))
#1 {main}
2024-04-25 03:43:32 Error: [MissingControllerException] Controller class MessageboardController could not be found.
Exception Attributes: array (
  'class' => 'MessageboardController',
  'plugin' => NULL,
)
Request URL: /messageboard/app/webroot/index.php/messageboard/app/webroot/debug_kit/img/cake.icon.png
Stack Trace:
#0 /Applications/XAMPP/xamppfiles/htdocs/messageboard/app/webroot/index.php(117): Dispatcher->dispatch(Object(CakeRequest), Object(CakeResponse))
#1 {main}
2024-04-25 03:43:33 Error: [MissingControllerException] Controller class MessageboardController could not be found.
Exception Attributes: array (
  'class' => 'MessageboardController',
  'plugin' => NULL,
)
Request URL: /messageboard/app/webroot/index.php/messageboard/app/webroot/debug_kit/css/debug_toolbar.css
Stack Trace:
#0 /Applications/XAMPP/xamppfiles/htdocs/messageboard/app/webroot/index.php(117): Dispatcher->dispatch(Object(CakeRequest), Object(CakeResponse))
#1 {main}
2024-04-25 03:43:33 Error: [MissingControllerException] Controller class MessageboardController could not be found.
Exception Attributes: array (
  'class' => 'MessageboardController',
  'plugin' => NULL,
)
Request URL: /messageboard/app/webroot/index.php/messageboard/app/webroot/debug_kit/js/js_debug_toolbar.js
Stack Trace:
#0 /Applications/XAMPP/xamppfiles/htdocs/messageboard/app/webroot/index.php(117): Dispatcher->dispatch(Object(CakeRequest), Object(CakeResponse))
#1 {main}
2024-04-25 03:43:33 Error: [MissingControllerException] Controller class MessageboardController could not be found.
Exception Attributes: array (
  'class' => 'MessageboardController',
  'plugin' => NULL,
)
Request URL: /messageboard/app/webroot/index.php/messageboard/app/webroot/debug_kit/img/cake.icon.png
Stack Trace:
#0 /Applications/XAMPP/xamppfiles/htdocs/messageboard/app/webroot/index.php(117): Dispatcher->dispatch(Object(CakeRequest), Object(CakeResponse))
#1 {main}
2024-04-25 03:43:33 Error: [MissingControllerException] Controller class MessageboardController could not be found.
Exception Attributes: array (
  'class' => 'MessageboardController',
  'plugin' => NULL,
)
Request URL: /messageboard/app/webroot/index.php/messageboard/app/webroot/debug_kit/img/cake.icon.png
Stack Trace:
#0 /Applications/XAMPP/xamppfiles/htdocs/messageboard/app/webroot/index.php(117): Dispatcher->dispatch(Object(CakeRequest), Object(CakeResponse))
#1 {main}
2024-04-25 03:43:33 Error: [MissingControllerException] Controller class MessageboardController could not be found.
Exception Attributes: array (
  'class' => 'MessageboardController',
  'plugin' => NULL,
)
Request URL: /messageboard/app/webroot/index.php/messageboard/app/webroot/debug_kit/js/js_debug_toolbar.js
Stack Trace:
#0 /Applications/XAMPP/xamppfiles/htdocs/messageboard/app/webroot/index.php(117): Dispatcher->dispatch(Object(CakeRequest), Object(CakeResponse))
#1 {main}
2024-04-25 03:43:33 Error: [MissingControllerException] Controller class MessageboardController could not be found.
Exception Attributes: array (
  'class' => 'MessageboardController',
  'plugin' => NULL,
)
Request URL: /messageboard/app/webroot/index.php/messageboard/app/webroot/debug_kit/css/debug_toolbar.css
Stack Trace:
#0 /Applications/XAMPP/xamppfiles/htdocs/messageboard/app/webroot/index.php(117): Dispatcher->dispatch(Object(CakeRequest), Object(CakeResponse))
#1 {main}
2024-04-25 03:43:37 Error: [MissingControllerException] Controller class MessageboardController could not be found.
Exception Attributes: array (
  'class' => 'MessageboardController',
  'plugin' => NULL,
)
Request URL: /messageboard/index.php/messageboard/
Stack Trace:
#0 /Applications/XAMPP/xamppfiles/htdocs/messageboard/app/webroot/index.php(117): Dispatcher->dispatch(Object(CakeRequest), Object(CakeResponse))
#1 /Applications/XAMPP/xamppfiles/htdocs/messageboard/index.php(41): require('/Applications/X...')
#2 {main}
2024-04-25 03:43:37 Error: [MissingControllerException] Controller class MessageboardController could not be found.
Exception Attributes: array (
  'class' => 'MessageboardController',
  'plugin' => NULL,
)
Request URL: /messageboard/index.php/messageboard/
Stack Trace:
#0 /Applications/XAMPP/xamppfiles/htdocs/messageboard/app/webroot/index.php(117): Dispatcher->dispatch(Object(CakeRequest), Object(CakeResponse))
#1 /Applications/XAMPP/xamppfiles/htdocs/messageboard/index.php(41): require('/Applications/X...')
#2 {main}
2024-04-25 03:43:37 Error: [MissingControllerException] Controller class MessageboardController could not be found.
Exception Attributes: array (
  'class' => 'MessageboardController',
  'plugin' => NULL,
)
Request URL: /messageboard/app/webroot/index.php/messageboard/app/webroot/debug_kit/js/js_debug_toolbar.js
Stack Trace:
#0 /Applications/XAMPP/xamppfiles/htdocs/messageboard/app/webroot/index.php(117): Dispatcher->dispatch(Object(CakeRequest), Object(CakeResponse))
#1 {main}
2024-04-25 03:43:37 Error: [MissingControllerException] Controller class MessageboardController could not be found.
Exception Attributes: array (
  'class' => 'MessageboardController',
  'plugin' => NULL,
)
Request URL: /messageboard/app/webroot/index.php/messageboard/app/webroot/debug_kit/css/debug_toolbar.css
Stack Trace:
#0 /Applications/XAMPP/xamppfiles/htdocs/messageboard/app/webroot/index.php(117): Dispatcher->dispatch(Object(CakeRequest), Object(CakeResponse))
#1 {main}
2024-04-25 03:43:37 Error: [MissingControllerException] Controller class MessageboardController could not be found.
Exception Attributes: array (
  'class' => 'MessageboardController',
  'plugin' => NULL,
)
Request URL: /messageboard/app/webroot/index.php/messageboard/app/webroot/debug_kit/img/cake.icon.png
Stack Trace:
#0 /Applications/XAMPP/xamppfiles/htdocs/messageboard/app/webroot/index.php(117): Dispatcher->dispatch(Object(CakeRequest), Object(CakeResponse))
#1 {main}
2024-04-25 03:43:40 Error: [MissingControllerException] Controller class MessageboardController could not be found.
Exception Attributes: array (
  'class' => 'MessageboardController',
  'plugin' => NULL,
)
Request URL: /messageboard/index.php/messageboard/
Stack Trace:
#0 /Applications/XAMPP/xamppfiles/htdocs/messageboard/app/webroot/index.php(117): Dispatcher->dispatch(Object(CakeRequest), Object(CakeResponse))
#1 /Applications/XAMPP/xamppfiles/htdocs/messageboard/index.php(41): require('/Applications/X...')
#2 {main}
2024-04-25 03:43:40 Error: [MissingControllerException] Controller class MessageboardController could not be found.
Exception Attributes: array (
  'class' => 'MessageboardController',
  'plugin' => NULL,
)
Request URL: /messageboard/app/webroot/index.php/messageboard/app/webroot/debug_kit/js/js_debug_toolbar.js
Stack Trace:
#0 /Applications/XAMPP/xamppfiles/htdocs/messageboard/app/webroot/index.php(117): Dispatcher->dispatch(Object(CakeRequest), Object(CakeResponse))
#1 {main}
2024-04-25 03:43:40 Error: [MissingControllerException] Controller class MessageboardController could not be found.
Exception Attributes: array (
  'class' => 'MessageboardController',
  'plugin' => NULL,
)
Request URL: /messageboard/app/webroot/index.php/messageboard/app/webroot/debug_kit/css/debug_toolbar.css
Stack Trace:
#0 /Applications/XAMPP/xamppfiles/htdocs/messageboard/app/webroot/index.php(117): Dispatcher->dispatch(Object(CakeRequest), Object(CakeResponse))
#1 {main}
2024-04-25 03:43:40 Error: [MissingControllerException] Controller class MessageboardController could not be found.
Exception Attributes: array (
  'class' => 'MessageboardController',
  'plugin' => NULL,
)
Request URL: /messageboard/app/webroot/index.php/messageboard/app/webroot/debug_kit/img/cake.icon.png
Stack Trace:
#0 /Applications/XAMPP/xamppfiles/htdocs/messageboard/app/webroot/index.php(117): Dispatcher->dispatch(Object(CakeRequest), Object(CakeResponse))
#1 {main}
2024-04-25 03:43:40 Error: [MissingControllerException] Controller class MessageboardController could not be found.
Exception Attributes: array (
  'class' => 'MessageboardController',
  'plugin' => NULL,
)
Request URL: /messageboard/index.php/messageboard/
Stack Trace:
#0 /Applications/XAMPP/xamppfiles/htdocs/messageboard/app/webroot/index.php(117): Dispatcher->dispatch(Object(CakeRequest), Object(CakeResponse))
#1 /Applications/XAMPP/xamppfiles/htdocs/messageboard/index.php(41): require('/Applications/X...')
#2 {main}
2024-04-25 03:43:40 Error: [MissingControllerException] Controller class MessageboardController could not be found.
Exception Attributes: array (
  'class' => 'MessageboardController',
  'plugin' => NULL,
)
Request URL: /messageboard/app/webroot/index.php/messageboard/app/webroot/debug_kit/css/debug_toolbar.css
Stack Trace:
#0 /Applications/XAMPP/xamppfiles/htdocs/messageboard/app/webroot/index.php(117): Dispatcher->dispatch(Object(CakeRequest), Object(CakeResponse))
#1 {main}
2024-04-25 03:43:40 Error: [MissingControllerException] Controller class MessageboardController could not be found.
Exception Attributes: array (
  'class' => 'MessageboardController',
  'plugin' => NULL,
)
Request URL: /messageboard/app/webroot/index.php/messageboard/app/webroot/debug_kit/img/cake.icon.png
Stack Trace:
#0 /Applications/XAMPP/xamppfiles/htdocs/messageboard/app/webroot/index.php(117): Dispatcher->dispatch(Object(CakeRequest), Object(CakeResponse))
#1 {main}
2024-04-25 03:43:40 Error: [MissingControllerException] Controller class MessageboardController could not be found.
Exception Attributes: array (
  'class' => 'MessageboardController',
  'plugin' => NULL,
)
Request URL: /messageboard/app/webroot/index.php/messageboard/app/webroot/debug_kit/js/js_debug_toolbar.js
Stack Trace:
#0 /Applications/XAMPP/xamppfiles/htdocs/messageboard/app/webroot/index.php(117): Dispatcher->dispatch(Object(CakeRequest), Object(CakeResponse))
#1 {main}
2024-04-25 03:43:41 Error: [MissingControllerException] Controller class MessageboardController could not be found.
Exception Attributes: array (
  'class' => 'MessageboardController',
  'plugin' => NULL,
)
Request URL: /messageboard/index.php/messageboard/
Stack Trace:
#0 /Applications/XAMPP/xamppfiles/htdocs/messageboard/app/webroot/index.php(117): Dispatcher->dispatch(Object(CakeRequest), Object(CakeResponse))
#1 /Applications/XAMPP/xamppfiles/htdocs/messageboard/index.php(41): require('/Applications/X...')
#2 {main}
2024-04-25 03:43:41 Error: [MissingControllerException] Controller class MessageboardController could not be found.
Exception Attributes: array (
  'class' => 'MessageboardController',
  'plugin' => NULL,
)
Request URL: /messageboard/app/webroot/index.php/messageboard/app/webroot/debug_kit/js/js_debug_toolbar.js
Stack Trace:
#0 /Applications/XAMPP/xamppfiles/htdocs/messageboard/app/webroot/index.php(117): Dispatcher->dispatch(Object(CakeRequest), Object(CakeResponse))
#1 {main}
2024-04-25 03:43:41 Error: [MissingControllerException] Controller class MessageboardController could not be found.
Exception Attributes: array (
  'class' => 'MessageboardController',
  'plugin' => NULL,
)
Request URL: /messageboard/app/webroot/index.php/messageboard/app/webroot/debug_kit/img/cake.icon.png
Stack Trace:
#0 /Applications/XAMPP/xamppfiles/htdocs/messageboard/app/webroot/index.php(117): Dispatcher->dispatch(Object(CakeRequest), Object(CakeResponse))
#1 {main}
2024-04-25 03:43:41 Error: [MissingControllerException] Controller class MessageboardController could not be found.
Exception Attributes: array (
  'class' => 'MessageboardController',
  'plugin' => NULL,
)
Request URL: /messageboard/app/webroot/index.php/messageboard/app/webroot/debug_kit/css/debug_toolbar.css
Stack Trace:
#0 /Applications/XAMPP/xamppfiles/htdocs/messageboard/app/webroot/index.php(117): Dispatcher->dispatch(Object(CakeRequest), Object(CakeResponse))
#1 {main}
2024-04-25 03:43:41 Error: [MissingControllerException] Controller class MessageboardController could not be found.
Exception Attributes: array (
  'class' => 'MessageboardController',
  'plugin' => NULL,
)
Request URL: /messageboard/index.php/messageboard/
Stack Trace:
#0 /Applications/XAMPP/xamppfiles/htdocs/messageboard/app/webroot/index.php(117): Dispatcher->dispatch(Object(CakeRequest), Object(CakeResponse))
#1 /Applications/XAMPP/xamppfiles/htdocs/messageboard/index.php(41): require('/Applications/X...')
#2 {main}
2024-04-25 03:43:41 Error: [MissingControllerException] Controller class MessageboardController could not be found.
Exception Attributes: array (
  'class' => 'MessageboardController',
  'plugin' => NULL,
)
Request URL: /messageboard/app/webroot/index.php/messageboard/app/webroot/debug_kit/js/js_debug_toolbar.js
Stack Trace:
#0 /Applications/XAMPP/xamppfiles/htdocs/messageboard/app/webroot/index.php(117): Dispatcher->dispatch(Object(CakeRequest), Object(CakeResponse))
#1 {main}
2024-04-25 03:43:41 Error: [MissingControllerException] Controller class MessageboardController could not be found.
Exception Attributes: array (
  'class' => 'MessageboardController',
  'plugin' => NULL,
)
Request URL: /messageboard/app/webroot/index.php/messageboard/app/webroot/debug_kit/css/debug_toolbar.css
Stack Trace:
#0 /Applications/XAMPP/xamppfiles/htdocs/messageboard/app/webroot/index.php(117): Dispatcher->dispatch(Object(CakeRequest), Object(CakeResponse))
#1 {main}
2024-04-25 03:43:41 Error: [MissingControllerException] Controller class MessageboardController could not be found.
Exception Attributes: array (
  'class' => 'MessageboardController',
  'plugin' => NULL,
)
Request URL: /messageboard/app/webroot/index.php/messageboard/app/webroot/debug_kit/img/cake.icon.png
Stack Trace:
#0 /Applications/XAMPP/xamppfiles/htdocs/messageboard/app/webroot/index.php(117): Dispatcher->dispatch(Object(CakeRequest), Object(CakeResponse))
#1 {main}
2024-04-25 03:43:41 Error: [MissingControllerException] Controller class MessageboardController could not be found.
Exception Attributes: array (
  'class' => 'MessageboardController',
  'plugin' => NULL,
)
Request URL: /messageboard/index.php/messageboard/
Stack Trace:
#0 /Applications/XAMPP/xamppfiles/htdocs/messageboard/app/webroot/index.php(117): Dispatcher->dispatch(Object(CakeRequest), Object(CakeResponse))
#1 /Applications/XAMPP/xamppfiles/htdocs/messageboard/index.php(41): require('/Applications/X...')
#2 {main}
2024-04-25 03:43:41 Error: [MissingControllerException] Controller class MessageboardController could not be found.
Exception Attributes: array (
  'class' => 'MessageboardController',
  'plugin' => NULL,
)
Request URL: /messageboard/app/webroot/index.php/messageboard/app/webroot/debug_kit/css/debug_toolbar.css
Stack Trace:
#0 /Applications/XAMPP/xamppfiles/htdocs/messageboard/app/webroot/index.php(117): Dispatcher->dispatch(Object(CakeRequest), Object(CakeResponse))
#1 {main}
2024-04-25 03:43:41 Error: [MissingControllerException] Controller class MessageboardController could not be found.
Exception Attributes: array (
  'class' => 'MessageboardController',
  'plugin' => NULL,
)
Request URL: /messageboard/app/webroot/index.php/messageboard/app/webroot/debug_kit/js/js_debug_toolbar.js
Stack Trace:
#0 /Applications/XAMPP/xamppfiles/htdocs/messageboard/app/webroot/index.php(117): Dispatcher->dispatch(Object(CakeRequest), Object(CakeResponse))
#1 {main}
2024-04-25 03:43:41 Error: [MissingControllerException] Controller class MessageboardController could not be found.
Exception Attributes: array (
  'class' => 'MessageboardController',
  'plugin' => NULL,
)
Request URL: /messageboard/app/webroot/index.php/messageboard/app/webroot/debug_kit/img/cake.icon.png
Stack Trace:
#0 /Applications/XAMPP/xamppfiles/htdocs/messageboard/app/webroot/index.php(117): Dispatcher->dispatch(Object(CakeRequest), Object(CakeResponse))
#1 {main}
2024-04-25 03:44:29 Error: [MissingControllerException] Controller class MessageboardController could not be found.
Exception Attributes: array (
  'class' => 'MessageboardController',
  'plugin' => NULL,
)
Request URL: /messageboard/index.php/messageboard/
Stack Trace:
#0 /Applications/XAMPP/xamppfiles/htdocs/messageboard/app/webroot/index.php(117): Dispatcher->dispatch(Object(CakeRequest), Object(CakeResponse))
#1 /Applications/XAMPP/xamppfiles/htdocs/messageboard/index.php(41): require('/Applications/X...')
#2 {main}
2024-04-25 03:44:29 Error: [MissingControllerException] Controller class MessageboardController could not be found.
Exception Attributes: array (
  'class' => 'MessageboardController',
  'plugin' => NULL,
)
Request URL: /messageboard/app/webroot/index.php/messageboard/app/webroot/debug_kit/css/debug_toolbar.css
Stack Trace:
#0 /Applications/XAMPP/xamppfiles/htdocs/messageboard/app/webroot/index.php(117): Dispatcher->dispatch(Object(CakeRequest), Object(CakeResponse))
#1 {main}
2024-04-25 03:44:29 Error: [MissingControllerException] Controller class MessageboardController could not be found.
Exception Attributes: array (
  'class' => 'MessageboardController',
  'plugin' => NULL,
)
Request URL: /messageboard/app/webroot/index.php/messageboard/app/webroot/debug_kit/js/js_debug_toolbar.js
Stack Trace:
#0 /Applications/XAMPP/xamppfiles/htdocs/messageboard/app/webroot/index.php(117): Dispatcher->dispatch(Object(CakeRequest), Object(CakeResponse))
#1 {main}
2024-04-25 03:44:29 Error: [MissingControllerException] Controller class MessageboardController could not be found.
Exception Attributes: array (
  'class' => 'MessageboardController',
  'plugin' => NULL,
)
Request URL: /messageboard/app/webroot/index.php/messageboard/app/webroot/debug_kit/img/cake.icon.png
Stack Trace:
#0 /Applications/XAMPP/xamppfiles/htdocs/messageboard/app/webroot/index.php(117): Dispatcher->dispatch(Object(CakeRequest), Object(CakeResponse))
#1 {main}
2024-04-25 03:44:29 Error: [MissingControllerException] Controller class MessageboardController could not be found.
Exception Attributes: array (
  'class' => 'MessageboardController',
  'plugin' => NULL,
)
Request URL: /messageboard/index.php/messageboard/
Stack Trace:
#0 /Applications/XAMPP/xamppfiles/htdocs/messageboard/app/webroot/index.php(117): Dispatcher->dispatch(Object(CakeRequest), Object(CakeResponse))
#1 /Applications/XAMPP/xamppfiles/htdocs/messageboard/index.php(41): require('/Applications/X...')
#2 {main}
2024-04-25 03:44:29 Error: [MissingControllerException] Controller class MessageboardController could not be found.
Exception Attributes: array (
  'class' => 'MessageboardController',
  'plugin' => NULL,
)
Request URL: /messageboard/app/webroot/index.php/messageboard/app/webroot/debug_kit/img/cake.icon.png
Stack Trace:
#0 /Applications/XAMPP/xamppfiles/htdocs/messageboard/app/webroot/index.php(117): Dispatcher->dispatch(Object(CakeRequest), Object(CakeResponse))
#1 {main}
2024-04-25 03:44:29 Error: [MissingControllerException] Controller class MessageboardController could not be found.
Exception Attributes: array (
  'class' => 'MessageboardController',
  'plugin' => NULL,
)
Request URL: /messageboard/app/webroot/index.php/messageboard/app/webroot/debug_kit/js/js_debug_toolbar.js
Stack Trace:
#0 /Applications/XAMPP/xamppfiles/htdocs/messageboard/app/webroot/index.php(117): Dispatcher->dispatch(Object(CakeRequest), Object(CakeResponse))
#1 {main}
2024-04-25 03:44:29 Error: [MissingControllerException] Controller class MessageboardController could not be found.
Exception Attributes: array (
  'class' => 'MessageboardController',
  'plugin' => NULL,
)
Request URL: /messageboard/app/webroot/index.php/messageboard/app/webroot/debug_kit/css/debug_toolbar.css
Stack Trace:
#0 /Applications/XAMPP/xamppfiles/htdocs/messageboard/app/webroot/index.php(117): Dispatcher->dispatch(Object(CakeRequest), Object(CakeResponse))
#1 {main}
2024-04-25 03:45:15 Error: [MissingControllerException] Controller class MessageboardController could not be found.
Exception Attributes: array (
  'class' => 'MessageboardController',
  'plugin' => NULL,
)
Request URL: /messageboard/app/webroot/index.php/messageboard/app/webroot/debug_kit/js/js_debug_toolbar.js
Stack Trace:
#0 /Applications/XAMPP/xamppfiles/htdocs/messageboard/app/webroot/index.php(117): Dispatcher->dispatch(Object(CakeRequest), Object(CakeResponse))
#1 {main}
2024-04-25 03:45:15 Error: [MissingControllerException] Controller class MessageboardController could not be found.
Exception Attributes: array (
  'class' => 'MessageboardController',
  'plugin' => NULL,
)
Request URL: /messageboard/app/webroot/index.php/messageboard/app/webroot/debug_kit/img/cake.icon.png
Stack Trace:
#0 /Applications/XAMPP/xamppfiles/htdocs/messageboard/app/webroot/index.php(117): Dispatcher->dispatch(Object(CakeRequest), Object(CakeResponse))
#1 {main}
2024-04-25 03:45:15 Error: [MissingControllerException] Controller class MessageboardController could not be found.
Exception Attributes: array (
  'class' => 'MessageboardController',
  'plugin' => NULL,
)
Request URL: /messageboard/app/webroot/index.php/messageboard/app/webroot/debug_kit/css/debug_toolbar.css
Stack Trace:
#0 /Applications/XAMPP/xamppfiles/htdocs/messageboard/app/webroot/index.php(117): Dispatcher->dispatch(Object(CakeRequest), Object(CakeResponse))
#1 {main}
2024-04-25 03:45:25 Error: [MissingControllerException] Controller class MessageboardController could not be found.
Exception Attributes: array (
  'class' => 'MessageboardController',
  'plugin' => NULL,
)
Request URL: /messageboard/app/webroot/index.php/messageboard/app/webroot/debug_kit/css/debug_toolbar.css
Stack Trace:
#0 /Applications/XAMPP/xamppfiles/htdocs/messageboard/app/webroot/index.php(117): Dispatcher->dispatch(Object(CakeRequest), Object(CakeResponse))
#1 {main}
2024-04-25 03:45:41 Error: [MissingControllerException] Controller class MessageboardController could not be found.
Exception Attributes: array (
  'class' => 'MessageboardController',
  'plugin' => NULL,
)
Request URL: /messageboard/index.php/messageboard/
Stack Trace:
#0 /Applications/XAMPP/xamppfiles/htdocs/messageboard/app/webroot/index.php(117): Dispatcher->dispatch(Object(CakeRequest), Object(CakeResponse))
#1 /Applications/XAMPP/xamppfiles/htdocs/messageboard/index.php(41): require('/Applications/X...')
#2 {main}
2024-04-25 03:45:41 Error: [MissingControllerException] Controller class MessageboardController could not be found.
Exception Attributes: array (
  'class' => 'MessageboardController',
  'plugin' => NULL,
)
Request URL: /messageboard/app/webroot/index.php/messageboard/app/webroot/debug_kit/js/js_debug_toolbar.js
Stack Trace:
#0 /Applications/XAMPP/xamppfiles/htdocs/messageboard/app/webroot/index.php(117): Dispatcher->dispatch(Object(CakeRequest), Object(CakeResponse))
#1 {main}
2024-04-25 03:45:41 Error: [MissingControllerException] Controller class MessageboardController could not be found.
Exception Attributes: array (
  'class' => 'MessageboardController',
  'plugin' => NULL,
)
Request URL: /messageboard/app/webroot/index.php/messageboard/app/webroot/debug_kit/css/debug_toolbar.css
Stack Trace:
#0 /Applications/XAMPP/xamppfiles/htdocs/messageboard/app/webroot/index.php(117): Dispatcher->dispatch(Object(CakeRequest), Object(CakeResponse))
#1 {main}
2024-04-25 03:45:41 Error: [MissingControllerException] Controller class MessageboardController could not be found.
Exception Attributes: array (
  'class' => 'MessageboardController',
  'plugin' => NULL,
)
Request URL: /messageboard/app/webroot/index.php/messageboard/app/webroot/debug_kit/img/cake.icon.png
Stack Trace:
#0 /Applications/XAMPP/xamppfiles/htdocs/messageboard/app/webroot/index.php(117): Dispatcher->dispatch(Object(CakeRequest), Object(CakeResponse))
#1 {main}
2024-04-25 03:46:02 Error: [MissingControllerException] Controller class MessageboardController could not be found.
Exception Attributes: array (
  'class' => 'MessageboardController',
  'plugin' => NULL,
)
Request URL: /messageboard/index.php/messageboard/
Stack Trace:
#0 /Applications/XAMPP/xamppfiles/htdocs/messageboard/app/webroot/index.php(117): Dispatcher->dispatch(Object(CakeRequest), Object(CakeResponse))
#1 /Applications/XAMPP/xamppfiles/htdocs/messageboard/index.php(41): require('/Applications/X...')
#2 {main}
2024-04-25 03:46:02 Error: [MissingControllerException] Controller class MessageboardController could not be found.
Exception Attributes: array (
  'class' => 'MessageboardController',
  'plugin' => NULL,
)
Request URL: /messageboard/app/webroot/index.php/messageboard/app/webroot/debug_kit/css/debug_toolbar.css
Stack Trace:
#0 /Applications/XAMPP/xamppfiles/htdocs/messageboard/app/webroot/index.php(117): Dispatcher->dispatch(Object(CakeRequest), Object(CakeResponse))
#1 {main}
2024-04-25 03:46:02 Error: [MissingControllerException] Controller class MessageboardController could not be found.
Exception Attributes: array (
  'class' => 'MessageboardController',
  'plugin' => NULL,
)
Request URL: /messageboard/app/webroot/index.php/messageboard/app/webroot/debug_kit/js/js_debug_toolbar.js
Stack Trace:
#0 /Applications/XAMPP/xamppfiles/htdocs/messageboard/app/webroot/index.php(117): Dispatcher->dispatch(Object(CakeRequest), Object(CakeResponse))
#1 {main}
2024-04-25 03:46:02 Error: [MissingControllerException] Controller class MessageboardController could not be found.
Exception Attributes: array (
  'class' => 'MessageboardController',
  'plugin' => NULL,
)
Request URL: /messageboard/app/webroot/index.php/messageboard/app/webroot/debug_kit/img/cake.icon.png
Stack Trace:
#0 /Applications/XAMPP/xamppfiles/htdocs/messageboard/app/webroot/index.php(117): Dispatcher->dispatch(Object(CakeRequest), Object(CakeResponse))
#1 {main}
2024-04-25 03:46:03 Error: [MissingControllerException] Controller class MessageboardController could not be found.
Exception Attributes: array (
  'class' => 'MessageboardController',
  'plugin' => NULL,
)
Request URL: /messageboard/index.php/messageboard/
Stack Trace:
#0 /Applications/XAMPP/xamppfiles/htdocs/messageboard/app/webroot/index.php(117): Dispatcher->dispatch(Object(CakeRequest), Object(CakeResponse))
#1 /Applications/XAMPP/xamppfiles/htdocs/messageboard/index.php(41): require('/Applications/X...')
#2 {main}
2024-04-25 03:46:03 Error: [MissingControllerException] Controller class MessageboardController could not be found.
Exception Attributes: array (
  'class' => 'MessageboardController',
  'plugin' => NULL,
)
Request URL: /messageboard/app/webroot/index.php/messageboard/app/webroot/debug_kit/css/debug_toolbar.css
Stack Trace:
#0 /Applications/XAMPP/xamppfiles/htdocs/messageboard/app/webroot/index.php(117): Dispatcher->dispatch(Object(CakeRequest), Object(CakeResponse))
#1 {main}
2024-04-25 03:46:03 Error: [MissingControllerException] Controller class MessageboardController could not be found.
Exception Attributes: array (
  'class' => 'MessageboardController',
  'plugin' => NULL,
)
Request URL: /messageboard/app/webroot/index.php/messageboard/app/webroot/debug_kit/img/cake.icon.png
Stack Trace:
#0 /Applications/XAMPP/xamppfiles/htdocs/messageboard/app/webroot/index.php(117): Dispatcher->dispatch(Object(CakeRequest), Object(CakeResponse))
#1 {main}
2024-04-25 03:46:03 Error: [MissingControllerException] Controller class MessageboardController could not be found.
Exception Attributes: array (
  'class' => 'MessageboardController',
  'plugin' => NULL,
)
Request URL: /messageboard/app/webroot/index.php/messageboard/app/webroot/debug_kit/js/js_debug_toolbar.js
Stack Trace:
#0 /Applications/XAMPP/xamppfiles/htdocs/messageboard/app/webroot/index.php(117): Dispatcher->dispatch(Object(CakeRequest), Object(CakeResponse))
#1 {main}
2024-04-25 03:46:08 Error: [MissingControllerException] Controller class MessageboardController could not be found.
Exception Attributes: array (
  'class' => 'MessageboardController',
  'plugin' => NULL,
)
Request URL: /messageboard/index.php/messageboard/
Stack Trace:
#0 /Applications/XAMPP/xamppfiles/htdocs/messageboard/app/webroot/index.php(117): Dispatcher->dispatch(Object(CakeRequest), Object(CakeResponse))
#1 /Applications/XAMPP/xamppfiles/htdocs/messageboard/index.php(41): require('/Applications/X...')
#2 {main}
2024-04-25 03:46:08 Error: [MissingControllerException] Controller class MessageboardController could not be found.
Exception Attributes: array (
  'class' => 'MessageboardController',
  'plugin' => NULL,
)
Request URL: /messageboard/app/webroot/index.php/messageboard/app/webroot/debug_kit/css/debug_toolbar.css
Stack Trace:
#0 /Applications/XAMPP/xamppfiles/htdocs/messageboard/app/webroot/index.php(117): Dispatcher->dispatch(Object(CakeRequest), Object(CakeResponse))
#1 {main}
2024-04-25 03:46:08 Error: [MissingControllerException] Controller class MessageboardController could not be found.
Exception Attributes: array (
  'class' => 'MessageboardController',
  'plugin' => NULL,
)
Request URL: /messageboard/app/webroot/index.php/messageboard/app/webroot/debug_kit/js/js_debug_toolbar.js
Stack Trace:
#0 /Applications/XAMPP/xamppfiles/htdocs/messageboard/app/webroot/index.php(117): Dispatcher->dispatch(Object(CakeRequest), Object(CakeResponse))
#1 {main}
2024-04-25 03:46:08 Error: [MissingControllerException] Controller class MessageboardController could not be found.
Exception Attributes: array (
  'class' => 'MessageboardController',
  'plugin' => NULL,
)
Request URL: /messageboard/app/webroot/index.php/messageboard/app/webroot/debug_kit/img/cake.icon.png
Stack Trace:
#0 /Applications/XAMPP/xamppfiles/htdocs/messageboard/app/webroot/index.php(117): Dispatcher->dispatch(Object(CakeRequest), Object(CakeResponse))
#1 {main}
2024-04-25 03:47:03 Error: [MissingControllerException] Controller class MessageboardController could not be found.
Exception Attributes: array (
  'class' => 'MessageboardController',
  'plugin' => NULL,
)
Request URL: //messageboard/
Stack Trace:
#0 /Applications/XAMPP/xamppfiles/htdocs/messageboard/app/webroot/index.php(117): Dispatcher->dispatch(Object(CakeRequest), Object(CakeResponse))
#1 /Applications/XAMPP/xamppfiles/htdocs/messageboard/index.php(41): require('/Applications/X...')
#2 {main}
2024-04-25 03:47:04 Error: [MissingControllerException] Controller class MessageboardController could not be found.
Exception Attributes: array (
  'class' => 'MessageboardController',
  'plugin' => NULL,
)
Request URL: //messageboard/
Stack Trace:
#0 /Applications/XAMPP/xamppfiles/htdocs/messageboard/app/webroot/index.php(117): Dispatcher->dispatch(Object(CakeRequest), Object(CakeResponse))
#1 /Applications/XAMPP/xamppfiles/htdocs/messageboard/index.php(41): require('/Applications/X...')
#2 {main}
2024-04-25 03:47:16 Error: [MissingControllerException] Controller class MessageboardController could not be found.
Exception Attributes: array (
  'class' => 'MessageboardController',
  'plugin' => NULL,
)
Request URL: /messageboard/index.php/messageboard/
Stack Trace:
#0 /Applications/XAMPP/xamppfiles/htdocs/messageboard/app/webroot/index.php(117): Dispatcher->dispatch(Object(CakeRequest), Object(CakeResponse))
#1 /Applications/XAMPP/xamppfiles/htdocs/messageboard/index.php(41): require('/Applications/X...')
#2 {main}
2024-04-25 03:47:16 Error: [MissingControllerException] Controller class MessageboardController could not be found.
Exception Attributes: array (
  'class' => 'MessageboardController',
  'plugin' => NULL,
)
Request URL: /messageboard/app/webroot/index.php/messageboard/app/webroot/debug_kit/js/js_debug_toolbar.js
Stack Trace:
#0 /Applications/XAMPP/xamppfiles/htdocs/messageboard/app/webroot/index.php(117): Dispatcher->dispatch(Object(CakeRequest), Object(CakeResponse))
#1 {main}
2024-04-25 03:47:16 Error: [MissingControllerException] Controller class MessageboardController could not be found.
Exception Attributes: array (
  'class' => 'MessageboardController',
  'plugin' => NULL,
)
Request URL: /messageboard/app/webroot/index.php/messageboard/app/webroot/debug_kit/css/debug_toolbar.css
Stack Trace:
#0 /Applications/XAMPP/xamppfiles/htdocs/messageboard/app/webroot/index.php(117): Dispatcher->dispatch(Object(CakeRequest), Object(CakeResponse))
#1 {main}
2024-04-25 03:47:16 Error: [MissingControllerException] Controller class MessageboardController could not be found.
Exception Attributes: array (
  'class' => 'MessageboardController',
  'plugin' => NULL,
)
Request URL: /messageboard/app/webroot/index.php/messageboard/app/webroot/debug_kit/img/cake.icon.png
Stack Trace:
#0 /Applications/XAMPP/xamppfiles/htdocs/messageboard/app/webroot/index.php(117): Dispatcher->dispatch(Object(CakeRequest), Object(CakeResponse))
#1 {main}
2024-04-25 04:32:44 Error: [MissingActionException] Action PostsController::add() could not be found.
Exception Attributes: array (
  'controller' => 'PostsController',
  'action' => 'add',
)
Request URL: /messageboard/posts/add
Stack Trace:
#0 /Applications/XAMPP/xamppfiles/htdocs/messageboard/lib/Cake/Routing/Dispatcher.php(193): Controller->invokeAction(Object(CakeRequest))
#1 /Applications/XAMPP/xamppfiles/htdocs/messageboard/lib/Cake/Routing/Dispatcher.php(167): Dispatcher->_invoke(Object(PostsController), Object(CakeRequest))
#2 /Applications/XAMPP/xamppfiles/htdocs/messageboard/app/webroot/index.php(117): Dispatcher->dispatch(Object(CakeRequest), Object(CakeResponse))
#3 {main}
2024-04-25 04:45:10 Error: [MissingActionException] Action PostsController::add() could not be found.
Exception Attributes: array (
  'controller' => 'PostsController',
  'action' => 'add',
)
Request URL: /messageboard/posts/add
Stack Trace:
#0 /Applications/XAMPP/xamppfiles/htdocs/messageboard/lib/Cake/Routing/Dispatcher.php(193): Controller->invokeAction(Object(CakeRequest))
#1 /Applications/XAMPP/xamppfiles/htdocs/messageboard/lib/Cake/Routing/Dispatcher.php(167): Dispatcher->_invoke(Object(PostsController), Object(CakeRequest))
#2 /Applications/XAMPP/xamppfiles/htdocs/messageboard/app/webroot/index.php(117): Dispatcher->dispatch(Object(CakeRequest), Object(CakeResponse))
#3 {main}
2024-04-25 04:48:41 Error: [MissingActionException] Action PostsController::view() could not be found.
Exception Attributes: array (
  'controller' => 'PostsController',
  'action' => 'view',
)
Request URL: /messageboard/posts/view/1
Stack Trace:
#0 /Applications/XAMPP/xamppfiles/htdocs/messageboard/lib/Cake/Routing/Dispatcher.php(193): Controller->invokeAction(Object(CakeRequest))
#1 /Applications/XAMPP/xamppfiles/htdocs/messageboard/lib/Cake/Routing/Dispatcher.php(167): Dispatcher->_invoke(Object(PostsController), Object(CakeRequest))
#2 /Applications/XAMPP/xamppfiles/htdocs/messageboard/app/webroot/index.php(117): Dispatcher->dispatch(Object(CakeRequest), Object(CakeResponse))
#3 {main}
2024-04-25 04:51:17 Error: [MissingActionException] Action PostsController::add() could not be found.
Exception Attributes: array (
  'controller' => 'PostsController',
  'action' => 'add',
)
Request URL: /messageboard/posts/add
Stack Trace:
#0 /Applications/XAMPP/xamppfiles/htdocs/messageboard/lib/Cake/Routing/Dispatcher.php(193): Controller->invokeAction(Object(CakeRequest))
#1 /Applications/XAMPP/xamppfiles/htdocs/messageboard/lib/Cake/Routing/Dispatcher.php(167): Dispatcher->_invoke(Object(PostsController), Object(CakeRequest))
#2 /Applications/XAMPP/xamppfiles/htdocs/messageboard/app/webroot/index.php(117): Dispatcher->dispatch(Object(CakeRequest), Object(CakeResponse))
#3 {main}
2024-04-25 05:00:13 Error: [Error] Call to a member function success() on null
Request URL: /messageboard/posts/add
Stack Trace:
#0 [internal function]: PostsController->add()
#1 /Applications/XAMPP/xamppfiles/htdocs/messageboard/lib/Cake/Controller/Controller.php(499): ReflectionMethod->invokeArgs(Object(PostsController), Array)
#2 /Applications/XAMPP/xamppfiles/htdocs/messageboard/lib/Cake/Routing/Dispatcher.php(193): Controller->invokeAction(Object(CakeRequest))
#3 /Applications/XAMPP/xamppfiles/htdocs/messageboard/lib/Cake/Routing/Dispatcher.php(167): Dispatcher->_invoke(Object(PostsController), Object(CakeRequest))
#4 /Applications/XAMPP/xamppfiles/htdocs/messageboard/app/webroot/index.php(117): Dispatcher->dispatch(Object(CakeRequest), Object(CakeResponse))
#5 {main}
2024-04-25 05:01:11 Error: [Error] Call to a member function success() on null
Request URL: /messageboard/posts/add
Stack Trace:
#0 [internal function]: PostsController->add()
#1 /Applications/XAMPP/xamppfiles/htdocs/messageboard/lib/Cake/Controller/Controller.php(499): ReflectionMethod->invokeArgs(Object(PostsController), Array)
#2 /Applications/XAMPP/xamppfiles/htdocs/messageboard/lib/Cake/Routing/Dispatcher.php(193): Controller->invokeAction(Object(CakeRequest))
#3 /Applications/XAMPP/xamppfiles/htdocs/messageboard/lib/Cake/Routing/Dispatcher.php(167): Dispatcher->_invoke(Object(PostsController), Object(CakeRequest))
#4 /Applications/XAMPP/xamppfiles/htdocs/messageboard/app/webroot/index.php(117): Dispatcher->dispatch(Object(CakeRequest), Object(CakeResponse))
#5 {main}
2024-04-25 05:02:15 Error: [Error] Call to a member function success() on null
Request URL: /messageboard/posts/add
Stack Trace:
#0 [internal function]: PostsController->add()
#1 /Applications/XAMPP/xamppfiles/htdocs/messageboard/lib/Cake/Controller/Controller.php(499): ReflectionMethod->invokeArgs(Object(PostsController), Array)
#2 /Applications/XAMPP/xamppfiles/htdocs/messageboard/lib/Cake/Routing/Dispatcher.php(193): Controller->invokeAction(Object(CakeRequest))
#3 /Applications/XAMPP/xamppfiles/htdocs/messageboard/lib/Cake/Routing/Dispatcher.php(167): Dispatcher->_invoke(Object(PostsController), Object(CakeRequest))
#4 /Applications/XAMPP/xamppfiles/htdocs/messageboard/app/webroot/index.php(117): Dispatcher->dispatch(Object(CakeRequest), Object(CakeResponse))
#5 {main}
2024-04-25 05:03:45 Error: [Error] Call to a member function success() on null
Request URL: /messageboard/posts/add
Stack Trace:
#0 [internal function]: PostsController->add()
#1 /Applications/XAMPP/xamppfiles/htdocs/messageboard/lib/Cake/Controller/Controller.php(499): ReflectionMethod->invokeArgs(Object(PostsController), Array)
#2 /Applications/XAMPP/xamppfiles/htdocs/messageboard/lib/Cake/Routing/Dispatcher.php(193): Controller->invokeAction(Object(CakeRequest))
#3 /Applications/XAMPP/xamppfiles/htdocs/messageboard/lib/Cake/Routing/Dispatcher.php(167): Dispatcher->_invoke(Object(PostsController), Object(CakeRequest))
#4 /Applications/XAMPP/xamppfiles/htdocs/messageboard/app/webroot/index.php(117): Dispatcher->dispatch(Object(CakeRequest), Object(CakeResponse))
#5 {main}
2024-04-25 05:04:53 Error: [Error] Call to a member function success() on null
Request URL: /messageboard/posts/add
Stack Trace:
#0 [internal function]: PostsController->add()
#1 /Applications/XAMPP/xamppfiles/htdocs/messageboard/lib/Cake/Controller/Controller.php(499): ReflectionMethod->invokeArgs(Object(PostsController), Array)
#2 /Applications/XAMPP/xamppfiles/htdocs/messageboard/lib/Cake/Routing/Dispatcher.php(193): Controller->invokeAction(Object(CakeRequest))
#3 /Applications/XAMPP/xamppfiles/htdocs/messageboard/lib/Cake/Routing/Dispatcher.php(167): Dispatcher->_invoke(Object(PostsController), Object(CakeRequest))
#4 /Applications/XAMPP/xamppfiles/htdocs/messageboard/app/webroot/index.php(117): Dispatcher->dispatch(Object(CakeRequest), Object(CakeResponse))
#5 {main}
2024-04-25 05:05:42 Error: [Error] Call to a member function success() on null
Request URL: /messageboard/posts/add
Stack Trace:
#0 [internal function]: PostsController->add()
#1 /Applications/XAMPP/xamppfiles/htdocs/messageboard/lib/Cake/Controller/Controller.php(499): ReflectionMethod->invokeArgs(Object(PostsController), Array)
#2 /Applications/XAMPP/xamppfiles/htdocs/messageboard/lib/Cake/Routing/Dispatcher.php(193): Controller->invokeAction(Object(CakeRequest))
#3 /Applications/XAMPP/xamppfiles/htdocs/messageboard/lib/Cake/Routing/Dispatcher.php(167): Dispatcher->_invoke(Object(PostsController), Object(CakeRequest))
#4 /Applications/XAMPP/xamppfiles/htdocs/messageboard/app/webroot/index.php(117): Dispatcher->dispatch(Object(CakeRequest), Object(CakeResponse))
#5 {main}
2024-04-25 05:31:26 Error: [PDOException] SQLSTATE[42000]: Syntax error or access violation: 1064 You have an error in your SQL syntax; check the manual that corresponds to your MariaDB server version for the right syntax to use near 'sava' at line 1
Request URL: /messageboard/posts/edit/1
Stack Trace:
#0 /Applications/XAMPP/xamppfiles/htdocs/messageboard/lib/Cake/Model/Datasource/DboSource.php(502): PDOStatement->execute(Array)
#1 /Applications/XAMPP/xamppfiles/htdocs/messageboard/lib/Cake/Model/Datasource/DboSource.php(468): DboSource->_execute('sava', Array)
#2 /Applications/XAMPP/xamppfiles/htdocs/messageboard/lib/Cake/Model/Datasource/DboSource.php(715): DboSource->execute('sava', Array, Array)
#3 /Applications/XAMPP/xamppfiles/htdocs/messageboard/lib/Cake/Model/Datasource/DboSource.php(648): DboSource->fetchAll('sava', Array, Array)
#4 /Applications/XAMPP/xamppfiles/htdocs/messageboard/lib/Cake/Model/Model.php(834): DboSource->query('sava', Array, Object(AppModel))
#5 /Applications/XAMPP/xamppfiles/htdocs/messageboard/app/Controller/PostsController.php(49): Model->__call('sava', Array)
#6 [internal function]: PostsController->edit('1')
#7 /Applications/XAMPP/xamppfiles/htdocs/messageboard/lib/Cake/Controller/Controller.php(499): ReflectionMethod->invokeArgs(Object(PostsController), Array)
#8 /Applications/XAMPP/xamppfiles/htdocs/messageboard/lib/Cake/Routing/Dispatcher.php(193): Controller->invokeAction(Object(CakeRequest))
#9 /Applications/XAMPP/xamppfiles/htdocs/messageboard/lib/Cake/Routing/Dispatcher.php(167): Dispatcher->_invoke(Object(PostsController), Object(CakeRequest))
#10 /Applications/XAMPP/xamppfiles/htdocs/messageboard/app/webroot/index.php(117): Dispatcher->dispatch(Object(CakeRequest), Object(CakeResponse))
#11 {main}
2024-04-25 05:54:06 Error: [MethodNotAllowedException] Method Not Allowed
Request URL: /messageboard/posts/delete/10
Stack Trace:
#0 [internal function]: PostsController->delete('10')
#1 /Applications/XAMPP/xamppfiles/htdocs/messageboard/lib/Cake/Controller/Controller.php(499): ReflectionMethod->invokeArgs(Object(PostsController), Array)
#2 /Applications/XAMPP/xamppfiles/htdocs/messageboard/lib/Cake/Routing/Dispatcher.php(193): Controller->invokeAction(Object(CakeRequest))
#3 /Applications/XAMPP/xamppfiles/htdocs/messageboard/lib/Cake/Routing/Dispatcher.php(167): Dispatcher->_invoke(Object(PostsController), Object(CakeRequest))
#4 /Applications/XAMPP/xamppfiles/htdocs/messageboard/app/webroot/index.php(117): Dispatcher->dispatch(Object(CakeRequest), Object(CakeResponse))
#5 {main}
2024-04-25 05:55:32 Error: [MethodNotAllowedException] Method Not Allowed
Request URL: /messageboard/posts/delete/10
Stack Trace:
#0 [internal function]: PostsController->delete('10')
#1 /Applications/XAMPP/xamppfiles/htdocs/messageboard/lib/Cake/Controller/Controller.php(499): ReflectionMethod->invokeArgs(Object(PostsController), Array)
#2 /Applications/XAMPP/xamppfiles/htdocs/messageboard/lib/Cake/Routing/Dispatcher.php(193): Controller->invokeAction(Object(CakeRequest))
#3 /Applications/XAMPP/xamppfiles/htdocs/messageboard/lib/Cake/Routing/Dispatcher.php(167): Dispatcher->_invoke(Object(PostsController), Object(CakeRequest))
#4 /Applications/XAMPP/xamppfiles/htdocs/messageboard/app/webroot/index.php(117): Dispatcher->dispatch(Object(CakeRequest), Object(CakeResponse))
#5 {main}
2024-04-25 07:33:04 Error: [MissingControllerException] Controller class UsersController could not be found.
Exception Attributes: array (
  'class' => 'UsersController',
  'plugin' => NULL,
)
Request URL: /messageboard/users
Stack Trace:
#0 /Applications/XAMPP/xamppfiles/htdocs/messageboard/app/webroot/index.php(117): Dispatcher->dispatch(Object(CakeRequest), Object(CakeResponse))
#1 {main}
2024-04-25 07:33:52 Error: [MissingControllerException] Controller class UsersController could not be found.
Exception Attributes: array (
  'class' => 'UsersController',
  'plugin' => NULL,
)
Request URL: /messageboard/users
Stack Trace:
#0 /Applications/XAMPP/xamppfiles/htdocs/messageboard/app/webroot/index.php(117): Dispatcher->dispatch(Object(CakeRequest), Object(CakeResponse))
#1 {main}
2024-04-25 07:34:20 Error: [MissingActionException] Action UsersController::index() could not be found.
Exception Attributes: array (
  'controller' => 'UsersController',
  'action' => 'index',
)
Request URL: /messageboard/users
Stack Trace:
#0 /Applications/XAMPP/xamppfiles/htdocs/messageboard/lib/Cake/Routing/Dispatcher.php(193): Controller->invokeAction(Object(CakeRequest))
#1 /Applications/XAMPP/xamppfiles/htdocs/messageboard/lib/Cake/Routing/Dispatcher.php(167): Dispatcher->_invoke(Object(UsersController), Object(CakeRequest))
#2 /Applications/XAMPP/xamppfiles/htdocs/messageboard/app/webroot/index.php(117): Dispatcher->dispatch(Object(CakeRequest), Object(CakeResponse))
#3 {main}
2024-04-25 07:34:21 Error: [MissingActionException] Action UsersController::index() could not be found.
Exception Attributes: array (
  'controller' => 'UsersController',
  'action' => 'index',
)
Request URL: /messageboard/users
Stack Trace:
#0 /Applications/XAMPP/xamppfiles/htdocs/messageboard/lib/Cake/Routing/Dispatcher.php(193): Controller->invokeAction(Object(CakeRequest))
#1 /Applications/XAMPP/xamppfiles/htdocs/messageboard/lib/Cake/Routing/Dispatcher.php(167): Dispatcher->_invoke(Object(UsersController), Object(CakeRequest))
#2 /Applications/XAMPP/xamppfiles/htdocs/messageboard/app/webroot/index.php(117): Dispatcher->dispatch(Object(CakeRequest), Object(CakeResponse))
#3 {main}
2024-04-25 07:44:26 Error: [ParseError] syntax error, unexpected '$this' (T_VARIABLE)
Request URL: /messageboard/users/add
Stack Trace:
#0 /Applications/XAMPP/xamppfiles/htdocs/messageboard/lib/Cake/View/View.php(933): View->_evaluate('/Applications/X...', Array)
#1 /Applications/XAMPP/xamppfiles/htdocs/messageboard/lib/Cake/View/View.php(473): View->_render('/Applications/X...')
#2 /Applications/XAMPP/xamppfiles/htdocs/messageboard/lib/Cake/Controller/Controller.php(968): View->render(NULL, NULL)
#3 /Applications/XAMPP/xamppfiles/htdocs/messageboard/lib/Cake/Routing/Dispatcher.php(200): Controller->render()
#4 /Applications/XAMPP/xamppfiles/htdocs/messageboard/lib/Cake/Routing/Dispatcher.php(167): Dispatcher->_invoke(Object(UsersController), Object(CakeRequest))
#5 /Applications/XAMPP/xamppfiles/htdocs/messageboard/app/webroot/index.php(117): Dispatcher->dispatch(Object(CakeRequest), Object(CakeResponse))
#6 {main}
2024-04-25 08:26:16 Error: [MissingControllerException] Controller class AddController could not be found.
Exception Attributes: array (
  'class' => 'AddController',
  'plugin' => NULL,
)
Request URL: /messageboard/add
Stack Trace:
#0 /Applications/XAMPP/xamppfiles/htdocs/messageboard/app/webroot/index.php(117): Dispatcher->dispatch(Object(CakeRequest), Object(CakeResponse))
#1 {main}
2024-04-25 08:26:20 Error: [ParseError] syntax error, unexpected ':'
Request URL: /messageboard/users/add
Stack Trace:
#0 [internal function]: App::load('User')
#1 [internal function]: spl_autoload_call('User')
#2 /Applications/XAMPP/xamppfiles/htdocs/messageboard/lib/Cake/Utility/ClassRegistry.php(146): class_exists('User')
#3 /Applications/XAMPP/xamppfiles/htdocs/messageboard/lib/Cake/View/Helper/FormHelper.php(163): ClassRegistry::init('User')
#4 /Applications/XAMPP/xamppfiles/htdocs/messageboard/lib/Cake/View/Helper/FormHelper.php(204): FormHelper->_getModel('User')
#5 /Applications/XAMPP/xamppfiles/htdocs/messageboard/lib/Cake/View/Helper/FormHelper.php(354): FormHelper->_introspectModel('User', 'key')
#6 /Applications/XAMPP/xamppfiles/htdocs/messageboard/app/View/Users/add.ctp(2): FormHelper->create('User')
#7 /Applications/XAMPP/xamppfiles/htdocs/messageboard/lib/Cake/View/View.php(971): include('/Applications/X...')
#8 /Applications/XAMPP/xamppfiles/htdocs/messageboard/lib/Cake/View/View.php(933): View->_evaluate('/Applications/X...', Array)
#9 /Applications/XAMPP/xamppfiles/htdocs/messageboard/lib/Cake/View/View.php(473): View->_render('/Applications/X...')
#10 /Applications/XAMPP/xamppfiles/htdocs/messageboard/lib/Cake/Controller/Controller.php(968): View->render(NULL, NULL)
#11 /Applications/XAMPP/xamppfiles/htdocs/messageboard/lib/Cake/Routing/Dispatcher.php(200): Controller->render()
#12 /Applications/XAMPP/xamppfiles/htdocs/messageboard/lib/Cake/Routing/Dispatcher.php(167): Dispatcher->_invoke(Object(UsersController), Object(CakeRequest))
#13 /Applications/XAMPP/xamppfiles/htdocs/messageboard/app/webroot/index.php(117): Dispatcher->dispatch(Object(CakeRequest), Object(CakeResponse))
#14 {main}
2024-04-25 08:26:38 Error: [MissingControllerException] Controller class AddController could not be found.
Exception Attributes: array (
  'class' => 'AddController',
  'plugin' => NULL,
)
Request URL: /messageboard/add
Stack Trace:
#0 /Applications/XAMPP/xamppfiles/htdocs/messageboard/app/webroot/index.php(117): Dispatcher->dispatch(Object(CakeRequest), Object(CakeResponse))
#1 {main}
2024-04-25 08:26:39 Error: [MissingControllerException] Controller class AddController could not be found.
Exception Attributes: array (
  'class' => 'AddController',
  'plugin' => NULL,
)
Request URL: /messageboard/add
Stack Trace:
#0 /Applications/XAMPP/xamppfiles/htdocs/messageboard/app/webroot/index.php(117): Dispatcher->dispatch(Object(CakeRequest), Object(CakeResponse))
#1 {main}
2024-04-25 09:22:04 Error: [NotFoundException] Invalid user
Request URL: /messageboard/users/view
Stack Trace:
#0 [internal function]: UsersController->view()
#1 /Applications/XAMPP/xamppfiles/htdocs/messageboard/lib/Cake/Controller/Controller.php(499): ReflectionMethod->invokeArgs(Object(UsersController), Array)
#2 /Applications/XAMPP/xamppfiles/htdocs/messageboard/lib/Cake/Routing/Dispatcher.php(193): Controller->invokeAction(Object(CakeRequest))
#3 /Applications/XAMPP/xamppfiles/htdocs/messageboard/lib/Cake/Routing/Dispatcher.php(167): Dispatcher->_invoke(Object(UsersController), Object(CakeRequest))
#4 /Applications/XAMPP/xamppfiles/htdocs/messageboard/app/webroot/index.php(117): Dispatcher->dispatch(Object(CakeRequest), Object(CakeResponse))
#5 {main}
2024-04-25 09:33:32 Error: [MissingActionException] Action UsersController::edit() could not be found.
Exception Attributes: array (
  'controller' => 'UsersController',
  'action' => 'edit',
)
Request URL: /messageboard/users/edit/1
Stack Trace:
#0 /Applications/XAMPP/xamppfiles/htdocs/messageboard/lib/Cake/Routing/Dispatcher.php(193): Controller->invokeAction(Object(CakeRequest))
#1 /Applications/XAMPP/xamppfiles/htdocs/messageboard/lib/Cake/Routing/Dispatcher.php(167): Dispatcher->_invoke(Object(UsersController), Object(CakeRequest))
#2 /Applications/XAMPP/xamppfiles/htdocs/messageboard/app/webroot/index.php(117): Dispatcher->dispatch(Object(CakeRequest), Object(CakeResponse))
#3 {main}
2024-04-25 09:37:23 Error: [MissingActionException] Action UsersController::edit() could not be found.
Exception Attributes: array (
  'controller' => 'UsersController',
  'action' => 'edit',
)
Request URL: /messageboard/users/edit/1
Stack Trace:
#0 /Applications/XAMPP/xamppfiles/htdocs/messageboard/lib/Cake/Routing/Dispatcher.php(193): Controller->invokeAction(Object(CakeRequest))
#1 /Applications/XAMPP/xamppfiles/htdocs/messageboard/lib/Cake/Routing/Dispatcher.php(167): Dispatcher->_invoke(Object(UsersController), Object(CakeRequest))
#2 /Applications/XAMPP/xamppfiles/htdocs/messageboard/app/webroot/index.php(117): Dispatcher->dispatch(Object(CakeRequest), Object(CakeResponse))
#3 {main}
2024-04-25 10:08:47 Error: [MissingControllerException] Controller class LoginController could not be found.
Exception Attributes: array (
  'class' => 'LoginController',
  'plugin' => NULL,
)
Request URL: /messageboard/login
Stack Trace:
#0 /Applications/XAMPP/xamppfiles/htdocs/messageboard/app/webroot/index.php(117): Dispatcher->dispatch(Object(CakeRequest), Object(CakeResponse))
#1 {main}
2024-04-25 10:12:57 Error: [MissingControllerException] Controller class CssController could not be found.
Exception Attributes: array (
  'class' => 'CssController',
  'plugin' => NULL,
)
Request URL: /messageboard/css/bootstrap.css
Stack Trace:
#0 /Applications/XAMPP/xamppfiles/htdocs/messageboard/app/webroot/index.php(117): Dispatcher->dispatch(Object(CakeRequest), Object(CakeResponse))
#1 {main}
2024-04-25 10:13:04 Error: [MissingControllerException] Controller class CssController could not be found.
Exception Attributes: array (
  'class' => 'CssController',
  'plugin' => NULL,
)
Request URL: /messageboard/css/bootstrap.css
Stack Trace:
#0 /Applications/XAMPP/xamppfiles/htdocs/messageboard/app/webroot/index.php(117): Dispatcher->dispatch(Object(CakeRequest), Object(CakeResponse))
#1 {main}
2024-04-25 10:13:54 Error: [MissingControllerException] Controller class CssController could not be found.
Exception Attributes: array (
  'class' => 'CssController',
  'plugin' => NULL,
)
Request URL: /messageboard/css/bootstrap.css
Stack Trace:
#0 /Applications/XAMPP/xamppfiles/htdocs/messageboard/app/webroot/index.php(117): Dispatcher->dispatch(Object(CakeRequest), Object(CakeResponse))
#1 {main}
2024-04-25 10:13:56 Error: [MissingControllerException] Controller class CssController could not be found.
Exception Attributes: array (
  'class' => 'CssController',
  'plugin' => NULL,
)
Request URL: /messageboard/css/bootstrap.css
Stack Trace:
#0 /Applications/XAMPP/xamppfiles/htdocs/messageboard/app/webroot/index.php(117): Dispatcher->dispatch(Object(CakeRequest), Object(CakeResponse))
#1 {main}
2024-04-25 10:36:22 Error: [MissingControllerException] Controller class JsController could not be found.
Exception Attributes: array (
  'class' => 'JsController',
  'plugin' => NULL,
)
Request URL: /messageboard/js/bootstrap.bundle.min.js.map
Stack Trace:
#0 /Applications/XAMPP/xamppfiles/htdocs/messageboard/app/webroot/index.php(117): Dispatcher->dispatch(Object(CakeRequest), Object(CakeResponse))
#1 {main}
2024-04-25 10:36:22 Error: [MissingControllerException] Controller class CssController could not be found.
Exception Attributes: array (
  'class' => 'CssController',
  'plugin' => NULL,
)
Request URL: /messageboard/css/bootstrap.min.css.map
Stack Trace:
#0 /Applications/XAMPP/xamppfiles/htdocs/messageboard/app/webroot/index.php(117): Dispatcher->dispatch(Object(CakeRequest), Object(CakeResponse))
#1 {main}
2024-04-25 10:36:37 Error: [MissingControllerException] Controller class CssController could not be found.
Exception Attributes: array (
  'class' => 'CssController',
  'plugin' => NULL,
)
Request URL: /messageboard/css/bootstrap.min.css.map
Stack Trace:
#0 /Applications/XAMPP/xamppfiles/htdocs/messageboard/app/webroot/index.php(117): Dispatcher->dispatch(Object(CakeRequest), Object(CakeResponse))
#1 {main}
2024-04-25 10:36:37 Error: [MissingControllerException] Controller class JsController could not be found.
Exception Attributes: array (
  'class' => 'JsController',
  'plugin' => NULL,
)
Request URL: /messageboard/js/bootstrap.bundle.min.js.map
Stack Trace:
#0 /Applications/XAMPP/xamppfiles/htdocs/messageboard/app/webroot/index.php(117): Dispatcher->dispatch(Object(CakeRequest), Object(CakeResponse))
#1 {main}
2024-04-25 10:37:39 Error: [MissingControllerException] Controller class CssController could not be found.
Exception Attributes: array (
  'class' => 'CssController',
  'plugin' => NULL,
)
Request URL: /messageboard/css/bootstrap.min.css.map
Stack Trace:
#0 /Applications/XAMPP/xamppfiles/htdocs/messageboard/app/webroot/index.php(117): Dispatcher->dispatch(Object(CakeRequest), Object(CakeResponse))
#1 {main}
2024-04-25 10:37:39 Error: [MissingControllerException] Controller class JsController could not be found.
Exception Attributes: array (
  'class' => 'JsController',
  'plugin' => NULL,
)
Request URL: /messageboard/js/bootstrap.bundle.min.js.map
Stack Trace:
#0 /Applications/XAMPP/xamppfiles/htdocs/messageboard/app/webroot/index.php(117): Dispatcher->dispatch(Object(CakeRequest), Object(CakeResponse))
#1 {main}
2024-04-25 10:38:50 Error: [MissingControllerException] Controller class JsController could not be found.
Exception Attributes: array (
  'class' => 'JsController',
  'plugin' => NULL,
)
Request URL: /messageboard/js/bootstrap.bundle.min.js.map
Stack Trace:
#0 /Applications/XAMPP/xamppfiles/htdocs/messageboard/app/webroot/index.php(117): Dispatcher->dispatch(Object(CakeRequest), Object(CakeResponse))
#1 {main}
2024-04-25 10:38:50 Error: [MissingControllerException] Controller class CssController could not be found.
Exception Attributes: array (
  'class' => 'CssController',
  'plugin' => NULL,
)
Request URL: /messageboard/css/bootstrap.min.css.map
Stack Trace:
#0 /Applications/XAMPP/xamppfiles/htdocs/messageboard/app/webroot/index.php(117): Dispatcher->dispatch(Object(CakeRequest), Object(CakeResponse))
#1 {main}
2024-04-25 10:39:12 Error: [MissingControllerException] Controller class JsController could not be found.
Exception Attributes: array (
  'class' => 'JsController',
  'plugin' => NULL,
)
Request URL: /messageboard/js/bootstrap.bundle.min.js.map
Stack Trace:
#0 /Applications/XAMPP/xamppfiles/htdocs/messageboard/app/webroot/index.php(117): Dispatcher->dispatch(Object(CakeRequest), Object(CakeResponse))
#1 {main}
2024-04-25 10:39:12 Error: [MissingControllerException] Controller class CssController could not be found.
Exception Attributes: array (
  'class' => 'CssController',
  'plugin' => NULL,
)
Request URL: /messageboard/css/bootstrap.min.css.map
Stack Trace:
#0 /Applications/XAMPP/xamppfiles/htdocs/messageboard/app/webroot/index.php(117): Dispatcher->dispatch(Object(CakeRequest), Object(CakeResponse))
#1 {main}
2024-04-25 10:39:18 Error: [MissingControllerException] Controller class CssController could not be found.
Exception Attributes: array (
  'class' => 'CssController',
  'plugin' => NULL,
)
Request URL: /messageboard/css/bootstrap.min.css.map
Stack Trace:
#0 /Applications/XAMPP/xamppfiles/htdocs/messageboard/app/webroot/index.php(117): Dispatcher->dispatch(Object(CakeRequest), Object(CakeResponse))
#1 {main}
2024-04-25 10:39:18 Error: [MissingControllerException] Controller class CssController could not be found.
Exception Attributes: array (
  'class' => 'CssController',
  'plugin' => NULL,
)
Request URL: /messageboard/css/bootstrap.min.css.map
Stack Trace:
#0 /Applications/XAMPP/xamppfiles/htdocs/messageboard/app/webroot/index.php(117): Dispatcher->dispatch(Object(CakeRequest), Object(CakeResponse))
#1 {main}
2024-04-25 10:39:25 Error: [MissingControllerException] Controller class CssController could not be found.
Exception Attributes: array (
  'class' => 'CssController',
  'plugin' => NULL,
)
Request URL: /messageboard/css/bootstrap.min.css.map
Stack Trace:
#0 /Applications/XAMPP/xamppfiles/htdocs/messageboard/app/webroot/index.php(117): Dispatcher->dispatch(Object(CakeRequest), Object(CakeResponse))
#1 {main}
2024-04-25 10:39:25 Error: [MissingControllerException] Controller class JsController could not be found.
Exception Attributes: array (
  'class' => 'JsController',
  'plugin' => NULL,
)
Request URL: /messageboard/js/bootstrap.bundle.min.js.map
Stack Trace:
#0 /Applications/XAMPP/xamppfiles/htdocs/messageboard/app/webroot/index.php(117): Dispatcher->dispatch(Object(CakeRequest), Object(CakeResponse))
#1 {main}
2024-04-25 10:39:25 Error: [MissingControllerException] Controller class CssController could not be found.
Exception Attributes: array (
  'class' => 'CssController',
  'plugin' => NULL,
)
Request URL: /messageboard/css/bootstrap.min.css.map
Stack Trace:
#0 /Applications/XAMPP/xamppfiles/htdocs/messageboard/app/webroot/index.php(117): Dispatcher->dispatch(Object(CakeRequest), Object(CakeResponse))
#1 {main}
2024-04-25 10:39:25 Error: [MissingControllerException] Controller class JsController could not be found.
Exception Attributes: array (
  'class' => 'JsController',
  'plugin' => NULL,
)
Request URL: /messageboard/js/bootstrap.bundle.min.js.map
Stack Trace:
#0 /Applications/XAMPP/xamppfiles/htdocs/messageboard/app/webroot/index.php(117): Dispatcher->dispatch(Object(CakeRequest), Object(CakeResponse))
#1 {main}
2024-04-25 10:39:25 Error: [MissingControllerException] Controller class CssController could not be found.
Exception Attributes: array (
  'class' => 'CssController',
  'plugin' => NULL,
)
Request URL: /messageboard/css/bootstrap.min.css.map
Stack Trace:
#0 /Applications/XAMPP/xamppfiles/htdocs/messageboard/app/webroot/index.php(117): Dispatcher->dispatch(Object(CakeRequest), Object(CakeResponse))
#1 {main}
2024-04-25 10:39:25 Error: [MissingControllerException] Controller class JsController could not be found.
Exception Attributes: array (
  'class' => 'JsController',
  'plugin' => NULL,
)
Request URL: /messageboard/js/bootstrap.bundle.min.js.map
Stack Trace:
#0 /Applications/XAMPP/xamppfiles/htdocs/messageboard/app/webroot/index.php(117): Dispatcher->dispatch(Object(CakeRequest), Object(CakeResponse))
#1 {main}
2024-04-25 10:39:26 Error: [MissingControllerException] Controller class CssController could not be found.
Exception Attributes: array (
  'class' => 'CssController',
  'plugin' => NULL,
)
Request URL: /messageboard/css/bootstrap.min.css.map
Stack Trace:
#0 /Applications/XAMPP/xamppfiles/htdocs/messageboard/app/webroot/index.php(117): Dispatcher->dispatch(Object(CakeRequest), Object(CakeResponse))
#1 {main}
2024-04-25 10:39:26 Error: [MissingControllerException] Controller class JsController could not be found.
Exception Attributes: array (
  'class' => 'JsController',
  'plugin' => NULL,
)
Request URL: /messageboard/js/bootstrap.bundle.min.js.map
Stack Trace:
#0 /Applications/XAMPP/xamppfiles/htdocs/messageboard/app/webroot/index.php(117): Dispatcher->dispatch(Object(CakeRequest), Object(CakeResponse))
#1 {main}
2024-04-25 10:39:38 Error: [MissingControllerException] Controller class JsController could not be found.
Exception Attributes: array (
  'class' => 'JsController',
  'plugin' => NULL,
)
Request URL: /messageboard/js/bootstrap.bundle.min.js.map
Stack Trace:
#0 /Applications/XAMPP/xamppfiles/htdocs/messageboard/app/webroot/index.php(117): Dispatcher->dispatch(Object(CakeRequest), Object(CakeResponse))
#1 {main}
2024-04-25 10:39:38 Error: [MissingControllerException] Controller class CssController could not be found.
Exception Attributes: array (
  'class' => 'CssController',
  'plugin' => NULL,
)
Request URL: /messageboard/css/bootstrap.min.css.map
Stack Trace:
#0 /Applications/XAMPP/xamppfiles/htdocs/messageboard/app/webroot/index.php(117): Dispatcher->dispatch(Object(CakeRequest), Object(CakeResponse))
#1 {main}
2024-04-25 10:41:05 Error: [MissingControllerException] Controller class CssController could not be found.
Exception Attributes: array (
  'class' => 'CssController',
  'plugin' => NULL,
)
Request URL: /messageboard/css/bootstrap.min.css.map
Stack Trace:
#0 /Applications/XAMPP/xamppfiles/htdocs/messageboard/app/webroot/index.php(117): Dispatcher->dispatch(Object(CakeRequest), Object(CakeResponse))
#1 {main}
2024-04-25 10:41:05 Error: [MissingControllerException] Controller class JsController could not be found.
Exception Attributes: array (
  'class' => 'JsController',
  'plugin' => NULL,
)
Request URL: /messageboard/js/bootstrap.bundle.min.js.map
Stack Trace:
#0 /Applications/XAMPP/xamppfiles/htdocs/messageboard/app/webroot/index.php(117): Dispatcher->dispatch(Object(CakeRequest), Object(CakeResponse))
#1 {main}
2024-04-25 10:41:21 Error: [MissingControllerException] Controller class JsController could not be found.
Exception Attributes: array (
  'class' => 'JsController',
  'plugin' => NULL,
)
Request URL: /messageboard/js/bootstrap.bundle.min.js.map
Stack Trace:
#0 /Applications/XAMPP/xamppfiles/htdocs/messageboard/app/webroot/index.php(117): Dispatcher->dispatch(Object(CakeRequest), Object(CakeResponse))
#1 {main}
2024-04-25 10:41:21 Error: [MissingControllerException] Controller class CssController could not be found.
Exception Attributes: array (
  'class' => 'CssController',
  'plugin' => NULL,
)
Request URL: /messageboard/css/bootstrap.min.css.map
Stack Trace:
#0 /Applications/XAMPP/xamppfiles/htdocs/messageboard/app/webroot/index.php(117): Dispatcher->dispatch(Object(CakeRequest), Object(CakeResponse))
#1 {main}
2024-04-25 10:44:29 Error: [MissingControllerException] Controller class CssController could not be found.
Exception Attributes: array (
  'class' => 'CssController',
  'plugin' => NULL,
)
Request URL: /messageboard/css/bootstrap.min.css.map
Stack Trace:
#0 /Applications/XAMPP/xamppfiles/htdocs/messageboard/app/webroot/index.php(117): Dispatcher->dispatch(Object(CakeRequest), Object(CakeResponse))
#1 {main}
2024-04-25 10:44:29 Error: [MissingControllerException] Controller class JsController could not be found.
Exception Attributes: array (
  'class' => 'JsController',
  'plugin' => NULL,
)
Request URL: /messageboard/js/bootstrap.bundle.min.js.map
Stack Trace:
#0 /Applications/XAMPP/xamppfiles/htdocs/messageboard/app/webroot/index.php(117): Dispatcher->dispatch(Object(CakeRequest), Object(CakeResponse))
#1 {main}
2024-04-25 10:44:40 Error: [MissingControllerException] Controller class JsController could not be found.
Exception Attributes: array (
  'class' => 'JsController',
  'plugin' => NULL,
)
Request URL: /messageboard/js/bootstrap.bundle.min.js.map
Stack Trace:
#0 /Applications/XAMPP/xamppfiles/htdocs/messageboard/app/webroot/index.php(117): Dispatcher->dispatch(Object(CakeRequest), Object(CakeResponse))
#1 {main}
2024-04-25 10:44:40 Error: [MissingControllerException] Controller class CssController could not be found.
Exception Attributes: array (
  'class' => 'CssController',
  'plugin' => NULL,
)
Request URL: /messageboard/css/bootstrap.min.css.map
Stack Trace:
#0 /Applications/XAMPP/xamppfiles/htdocs/messageboard/app/webroot/index.php(117): Dispatcher->dispatch(Object(CakeRequest), Object(CakeResponse))
#1 {main}
2024-04-25 10:44:49 Error: [MissingControllerException] Controller class JsController could not be found.
Exception Attributes: array (
  'class' => 'JsController',
  'plugin' => NULL,
)
Request URL: /messageboard/js/bootstrap.bundle.min.js.map
Stack Trace:
#0 /Applications/XAMPP/xamppfiles/htdocs/messageboard/app/webroot/index.php(117): Dispatcher->dispatch(Object(CakeRequest), Object(CakeResponse))
#1 {main}
2024-04-25 10:44:49 Error: [MissingControllerException] Controller class CssController could not be found.
Exception Attributes: array (
  'class' => 'CssController',
  'plugin' => NULL,
)
Request URL: /messageboard/css/bootstrap.min.css.map
Stack Trace:
#0 /Applications/XAMPP/xamppfiles/htdocs/messageboard/app/webroot/index.php(117): Dispatcher->dispatch(Object(CakeRequest), Object(CakeResponse))
#1 {main}
2024-04-25 11:13:50 Error: [MissingControllerException] Controller class JsController could not be found.
Exception Attributes: array (
  'class' => 'JsController',
  'plugin' => NULL,
)
Request URL: /messageboard/js/bootstrap.bundle.min.js.map
Stack Trace:
#0 /Applications/XAMPP/xamppfiles/htdocs/messageboard/app/webroot/index.php(117): Dispatcher->dispatch(Object(CakeRequest), Object(CakeResponse))
#1 {main}
2024-04-25 11:13:50 Error: [MissingControllerException] Controller class CssController could not be found.
Exception Attributes: array (
  'class' => 'CssController',
  'plugin' => NULL,
)
Request URL: /messageboard/css/bootstrap.min.css.map
Stack Trace:
#0 /Applications/XAMPP/xamppfiles/htdocs/messageboard/app/webroot/index.php(117): Dispatcher->dispatch(Object(CakeRequest), Object(CakeResponse))
#1 {main}
2024-04-25 11:13:57 Error: [NotFoundException] Invalid user
Request URL: /messageboard/users/view
Stack Trace:
#0 [internal function]: UsersController->view()
#1 /Applications/XAMPP/xamppfiles/htdocs/messageboard/lib/Cake/Controller/Controller.php(499): ReflectionMethod->invokeArgs(Object(UsersController), Array)
#2 /Applications/XAMPP/xamppfiles/htdocs/messageboard/lib/Cake/Routing/Dispatcher.php(193): Controller->invokeAction(Object(CakeRequest))
#3 /Applications/XAMPP/xamppfiles/htdocs/messageboard/lib/Cake/Routing/Dispatcher.php(167): Dispatcher->_invoke(Object(UsersController), Object(CakeRequest))
#4 /Applications/XAMPP/xamppfiles/htdocs/messageboard/app/webroot/index.php(117): Dispatcher->dispatch(Object(CakeRequest), Object(CakeResponse))
#5 {main}
2024-04-25 11:13:57 Error: [MissingControllerException] Controller class CssController could not be found.
Exception Attributes: array (
  'class' => 'CssController',
  'plugin' => NULL,
)
Request URL: /messageboard/css/bootstrap.min.css.map
Stack Trace:
#0 /Applications/XAMPP/xamppfiles/htdocs/messageboard/app/webroot/index.php(117): Dispatcher->dispatch(Object(CakeRequest), Object(CakeResponse))
#1 {main}
2024-04-25 11:13:57 Error: [MissingControllerException] Controller class JsController could not be found.
Exception Attributes: array (
  'class' => 'JsController',
  'plugin' => NULL,
)
Request URL: /messageboard/js/bootstrap.bundle.min.js.map
Stack Trace:
#0 /Applications/XAMPP/xamppfiles/htdocs/messageboard/app/webroot/index.php(117): Dispatcher->dispatch(Object(CakeRequest), Object(CakeResponse))
#1 {main}
2024-04-25 11:13:57 Error: [MissingControllerException] Controller class CssController could not be found.
Exception Attributes: array (
  'class' => 'CssController',
  'plugin' => NULL,
)
Request URL: /messageboard/css/bootstrap.min.css.map
Stack Trace:
#0 /Applications/XAMPP/xamppfiles/htdocs/messageboard/app/webroot/index.php(117): Dispatcher->dispatch(Object(CakeRequest), Object(CakeResponse))
#1 {main}
2024-04-25 11:14:03 Error: [MissingControllerException] Controller class JsController could not be found.
Exception Attributes: array (
  'class' => 'JsController',
  'plugin' => NULL,
)
Request URL: /messageboard/js/bootstrap.bundle.min.js.map
Stack Trace:
#0 /Applications/XAMPP/xamppfiles/htdocs/messageboard/app/webroot/index.php(117): Dispatcher->dispatch(Object(CakeRequest), Object(CakeResponse))
#1 {main}
2024-04-25 11:14:03 Error: [MissingControllerException] Controller class CssController could not be found.
Exception Attributes: array (
  'class' => 'CssController',
  'plugin' => NULL,
)
Request URL: /messageboard/css/bootstrap.min.css.map
Stack Trace:
#0 /Applications/XAMPP/xamppfiles/htdocs/messageboard/app/webroot/index.php(117): Dispatcher->dispatch(Object(CakeRequest), Object(CakeResponse))
#1 {main}
2024-04-25 11:14:07 Error: [MissingControllerException] Controller class CssController could not be found.
Exception Attributes: array (
  'class' => 'CssController',
  'plugin' => NULL,
)
Request URL: /messageboard/css/bootstrap.min.css.map
Stack Trace:
#0 /Applications/XAMPP/xamppfiles/htdocs/messageboard/app/webroot/index.php(117): Dispatcher->dispatch(Object(CakeRequest), Object(CakeResponse))
#1 {main}
2024-04-25 11:14:07 Error: [MissingControllerException] Controller class JsController could not be found.
Exception Attributes: array (
  'class' => 'JsController',
  'plugin' => NULL,
)
Request URL: /messageboard/js/bootstrap.bundle.min.js.map
Stack Trace:
#0 /Applications/XAMPP/xamppfiles/htdocs/messageboard/app/webroot/index.php(117): Dispatcher->dispatch(Object(CakeRequest), Object(CakeResponse))
#1 {main}
2024-04-25 11:14:07 Error: [MissingControllerException] Controller class CssController could not be found.
Exception Attributes: array (
  'class' => 'CssController',
  'plugin' => NULL,
)
Request URL: /messageboard/css/bootstrap.min.css.map
Stack Trace:
#0 /Applications/XAMPP/xamppfiles/htdocs/messageboard/app/webroot/index.php(117): Dispatcher->dispatch(Object(CakeRequest), Object(CakeResponse))
#1 {main}
2024-04-25 11:14:12 Error: [MissingControllerException] Controller class CssController could not be found.
Exception Attributes: array (
  'class' => 'CssController',
  'plugin' => NULL,
)
Request URL: /messageboard/css/bootstrap.min.css.map
Stack Trace:
#0 /Applications/XAMPP/xamppfiles/htdocs/messageboard/app/webroot/index.php(117): Dispatcher->dispatch(Object(CakeRequest), Object(CakeResponse))
#1 {main}
2024-04-25 11:14:12 Error: [MissingControllerException] Controller class JsController could not be found.
Exception Attributes: array (
  'class' => 'JsController',
  'plugin' => NULL,
)
Request URL: /messageboard/js/bootstrap.bundle.min.js.map
Stack Trace:
#0 /Applications/XAMPP/xamppfiles/htdocs/messageboard/app/webroot/index.php(117): Dispatcher->dispatch(Object(CakeRequest), Object(CakeResponse))
#1 {main}
2024-04-25 11:14:12 Error: [MissingControllerException] Controller class CssController could not be found.
Exception Attributes: array (
  'class' => 'CssController',
  'plugin' => NULL,
)
Request URL: /messageboard/css/bootstrap.min.css.map
Stack Trace:
#0 /Applications/XAMPP/xamppfiles/htdocs/messageboard/app/webroot/index.php(117): Dispatcher->dispatch(Object(CakeRequest), Object(CakeResponse))
#1 {main}
2024-04-25 11:14:20 Error: [MissingControllerException] Controller class JsController could not be found.
Exception Attributes: array (
  'class' => 'JsController',
  'plugin' => NULL,
)
Request URL: /messageboard/js/bootstrap.bundle.min.js.map
Stack Trace:
#0 /Applications/XAMPP/xamppfiles/htdocs/messageboard/app/webroot/index.php(117): Dispatcher->dispatch(Object(CakeRequest), Object(CakeResponse))
#1 {main}
2024-04-25 11:14:20 Error: [MissingControllerException] Controller class CssController could not be found.
Exception Attributes: array (
  'class' => 'CssController',
  'plugin' => NULL,
)
Request URL: /messageboard/css/bootstrap.min.css.map
Stack Trace:
#0 /Applications/XAMPP/xamppfiles/htdocs/messageboard/app/webroot/index.php(117): Dispatcher->dispatch(Object(CakeRequest), Object(CakeResponse))
#1 {main}
2024-04-25 11:59:53 Error: [PDOException] SQLSTATE[HY000]: General error: 1364 Field 'created_ip' doesn't have a default value
Request URL: /messageboard/users/add
Stack Trace:
#0 /Applications/XAMPP/xamppfiles/htdocs/messageboard/lib/Cake/Model/Datasource/DboSource.php(502): PDOStatement->execute(Array)
#1 /Applications/XAMPP/xamppfiles/htdocs/messageboard/lib/Cake/Model/Datasource/DboSource.php(468): DboSource->_execute('INSERT INTO `me...', Array)
#2 /Applications/XAMPP/xamppfiles/htdocs/messageboard/lib/Cake/Model/Datasource/DboSource.php(1132): DboSource->execute('INSERT INTO `me...')
#3 /Applications/XAMPP/xamppfiles/htdocs/messageboard/lib/Cake/Model/Model.php(1942): DboSource->create(Object(User), Array, Array)
#4 /Applications/XAMPP/xamppfiles/htdocs/messageboard/lib/Cake/Model/Model.php(1760): Model->_doSave(Array, Array)
#5 /Applications/XAMPP/xamppfiles/htdocs/messageboard/app/Controller/UsersController.php(55): Model->save(Array)
#6 [internal function]: UsersController->add()
#7 /Applications/XAMPP/xamppfiles/htdocs/messageboard/lib/Cake/Controller/Controller.php(499): ReflectionMethod->invokeArgs(Object(UsersController), Array)
#8 /Applications/XAMPP/xamppfiles/htdocs/messageboard/lib/Cake/Routing/Dispatcher.php(193): Controller->invokeAction(Object(CakeRequest))
#9 /Applications/XAMPP/xamppfiles/htdocs/messageboard/lib/Cake/Routing/Dispatcher.php(167): Dispatcher->_invoke(Object(UsersController), Object(CakeRequest))
#10 /Applications/XAMPP/xamppfiles/htdocs/messageboard/app/webroot/index.php(117): Dispatcher->dispatch(Object(CakeRequest), Object(CakeResponse))
#11 {main}
